<?xml version="1.0" encoding="UTF-8" ?>
<testsuite failures="0" time="0" errors="0" skipped="0" tests="3" name="com.epam.jmp.tasks.junit.mathparser.token.parser.NumberTokenParserTest">
  <properties>
[...]
</properties>
  <testcase time="0" classname="com.epam.jmp.tasks.junit.mathparser.token.parser.NumberTokenParserTest" name="testInt"/>
  <testcase time="0" classname="com.epam.jmp.tasks.junit.mathparser.token.parser.NumberTokenParserTest" name="negativeTest"/>
  <testcase time="0" classname="com.epam.jmp.tasks.junit.mathparser.token.parser.NumberTokenParserTest" name="testDouble"/>
</testsuite>